<?xml version="1.0" encoding="UTF-8"?>
<!-- Generated by org.testng.reporters.JUnitReportReporter -->
<testsuite hostname="LAPTOP-1M3VDV8B" failures="0" tests="6" name="testNGKeywords.InvocationCountKeyword" time="0.038" errors="0" timestamp="2022-12-29T16:37:17 IST" skipped="1">
  <testcase classname="testNGKeywords.InvocationCountKeyword" name="invocationcount" time="0.003"/>
  <system-out>
    <![CDATA[Hi i am invocationcount method]]>
  </system-out>
  <testcase classname="testNGKeywords.InvocationCountKeyword" name="invocationcount" time="0.002"/>
  <system-out>
    <![CDATA[Hi i am invocationcount method]]>
  </system-out>
  <testcase classname="testNGKeywords.InvocationCountKeyword" name="invocation" time="0.002"/>
  <system-out>
    <![CDATA[HI i am invocation method ]]>
  </system-out>
  <testcase classname="testNGKeywords.InvocationCountKeyword" name="invocationcount" time="0.003"/>
  <system-out>
    <![CDATA[Hi i am invocationcount method]]>
  </system-out>
  <testcase classname="testNGKeywords.InvocationCountKeyword" name="invocation" time="0.028"/>
  <system-out>
    <![CDATA[HI i am invocation method ]]>
  </system-out>
  <testcase classname="testNGKeywords.InvocationCountKeyword" name="invocation1">
    <skipped/>
  </testcase> <!-- invocation1 -->
  <system-out/>
</testsuite> <!-- testNGKeywords.InvocationCountKeyword -->
