<?xml version="1.0" encoding="UTF-8"?>
<!-- Generated by org.testng.reporters.JUnitReportReporter -->
<testsuite hostname="LAPTOP-1M3VDV8B" failures="0" tests="8" name="testNGKeywords.PriorityKeywords" time="0.035" errors="0" timestamp="2022-11-16T22:56:37 IST" skipped="2">
  <testcase classname="testNGKeywords.PriorityKeywords" name="priority" time="0.020"/>
  <system-out>
    <![CDATA[Hi am a priority method]]>
  </system-out>
  <testcase classname="testNGKeywords.PriorityKeywords" name="A" time="0.003"/>
  <system-out>
    <![CDATA[Hi i am a A method]]>
  </system-out>
  <testcase classname="testNGKeywords.PriorityKeywords" name="A" time="0.005"/>
  <system-out>
    <![CDATA[Hi i am a A method]]>
  </system-out>
  <testcase classname="testNGKeywords.PriorityKeywords" name="A" time="0.002"/>
  <system-out>
    <![CDATA[Hi i am a A method]]>
  </system-out>
  <testcase classname="testNGKeywords.PriorityKeywords" name="A" time="0.002"/>
  <system-out>
    <![CDATA[Hi i am a A method]]>
  </system-out>
  <testcase classname="testNGKeywords.PriorityKeywords" name="B" time="0.003"/>
  <system-out>
    <![CDATA[Hi i am a B method]]>
  </system-out>
  <testcase classname="testNGKeywords.PriorityKeywords" name="C">
    <skipped/>
  </testcase> <!-- C -->
  <system-out/>
  <testcase classname="testNGKeywords.PriorityKeywords" name="pri">
    <skipped/>
  </testcase> <!-- pri -->
  <system-out/>
</testsuite> <!-- testNGKeywords.PriorityKeywords -->
