<?xml version="1.0" encoding="UTF-8"?>
<!-- Generated by org.testng.reporters.JUnitReportReporter -->
<testsuite hostname="LAPTOP-1M3VDV8B" failures="0" tests="1" name="testNG.Mytest" time="0.011" errors="0" timestamp="2022-11-13T12:42:09 IST" skipped="0">
  <testcase classname="testNG.Mytest" name="Testfirst" time="0.011"/>
  <system-out>
    <![CDATA[A test is passsed----> using String log report
A test is passsed--->using string log reporter with boolean value]]>
  </system-out>
</testsuite> <!-- testNG.Mytest -->
