<?xml version="1.0" encoding="UTF-8"?>
<!-- Generated by org.testng.reporters.JUnitReportReporter -->
<testsuite hostname="LAPTOP-1M3VDV8B" failures="0" tests="1" name="neostoxTestNG.ValidatingUseridFromPropertyFile" time="27.510" errors="0" timestamp="2022-11-30T23:06:39 IST" skipped="0">
  <testcase classname="neostoxTestNG.ValidatingUseridFromPropertyFile" name="validateuserid" time="27.510"/>
  <system-out>
    <![CDATA[waiting for1000ms
waiting for500ms
getting actual userid 
actual user id is  Sachin Rathod
Reading userNamefrom property file
waiting for500ms
getting actual userid 
actual user id is  Sachin Rathod
waiting for500ms
tacking screenshot ]]>
  </system-out>
</testsuite> <!-- neostoxTestNG.ValidatingUseridFromPropertyFile -->
