<?xml version="1.0" encoding="UTF-8"?>
<!-- Generated by org.testng.reporters.JUnitReportReporter -->
<testsuite hostname="LAPTOP-1M3VDV8B" failures="0" tests="1" name="testNG.TestNGannotations" time="0.007" errors="0" timestamp="2022-12-15T13:15:53 IST" skipped="0">
  <testcase classname="testNG.TestNGannotations" name="testMethod" time="0.007"/>
  <system-out>
    <![CDATA[Hi i am test method]]>
  </system-out>
</testsuite> <!-- testNG.TestNGannotations -->
