<?xml version="1.0" encoding="UTF-8"?>
<!-- Generated by org.testng.reporters.JUnitReportReporter -->
<testsuite hostname="LAPTOP-1M3VDV8B" failures="0" tests="1" name="cbtesting.Flipkart" time="14.494" errors="0" timestamp="2022-12-15T13:03:26 IST" skipped="0">
  <testcase classname="cbtesting.Flipkart" name="cbtesting" time="14.494"/>
  <system-out/>
</testsuite> <!-- cbtesting.Flipkart -->
