<?xml version="1.0" encoding="UTF-8"?>
<!-- Generated by org.testng.reporters.JUnitReportReporter -->
<testsuite hostname="LAPTOP-1M3VDV8B" failures="0" tests="2" name="testngsuite.IncludeMeth" time="0.005" errors="0" timestamp="2022-12-29T16:46:18 IST" skipped="0">
  <testcase classname="testngsuite.IncludeMeth" name="D" time="0.002"/>
  <system-out>
    <![CDATA[D method running]]>
  </system-out>
  <testcase classname="testngsuite.IncludeMeth" name="B" time="0.003"/>
  <system-out>
    <![CDATA[B method running]]>
  </system-out>
</testsuite> <!-- testngsuite.IncludeMeth -->
