<?xml version="1.0" encoding="UTF-8"?>
<!-- Generated by org.testng.reporters.JUnitReportReporter -->
<testsuite hostname="LAPTOP-1M3VDV8B" failures="0" tests="1" name="verificationinTestNg.AssertNotequals" time="0.019" errors="0" timestamp="2022-11-19T23:03:48 IST" skipped="0">
  <testcase classname="verificationinTestNg.AssertNotequals" name="testing" time="0.019"/>
  <system-out/>
</testsuite> <!-- verificationinTestNg.AssertNotequals -->
