<?xml version="1.0" encoding="UTF-8"?>
<!-- Generated by org.testng.reporters.JUnitReportReporter -->
<testsuite hostname="LAPTOP-1M3VDV8B" failures="0" tests="1" name="verificationinTestNg.AssertNullMethod" time="0.022" errors="0" timestamp="2022-11-20T11:52:07 IST" skipped="0">
  <testcase classname="verificationinTestNg.AssertNullMethod" name="testing" time="0.022"/>
  <system-out/>
</testsuite> <!-- verificationinTestNg.AssertNullMethod -->
