<?xml version="1.0" encoding="UTF-8"?>
<!-- Generated by org.testng.reporters.JUnitReportReporter -->
<testsuite hostname="LAPTOP-1M3VDV8B" failures="0" tests="1" name="cbtesting.Firefoxbrowser" time="111.534" errors="0" timestamp="2022-11-22T23:26:23 IST" skipped="0">
  <testcase classname="cbtesting.Firefoxbrowser" name="firefox" time="111.534"/>
  <system-out/>
</testsuite> <!-- cbtesting.Firefoxbrowser -->
