<?xml version="1.0" encoding="UTF-8"?>
<!-- Generated by org.testng.reporters.JUnitReportReporter -->
<testsuite hostname="LAPTOP-1M3VDV8B" failures="0" tests="1" name="testngsuite.ExcludeMethods" time="20.612" errors="0" timestamp="2022-12-29T17:06:14 IST" skipped="0">
  <testcase classname="testngsuite.ExcludeMethods" name="f" time="20.612"/>
  <system-out/>
</testsuite> <!-- testngsuite.ExcludeMethods -->
