<?xml version="1.0" encoding="UTF-8"?>
<!-- Generated by org.testng.reporters.JUnitReportReporter -->
<testsuite hostname="LAPTOP-1M3VDV8B" failures="0" tests="2" name="neostoxTestNG.ValidateAutomobileWeightage" time="28.145" errors="0" timestamp="2022-11-30T14:17:48 IST" skipped="0">
  <testcase classname="neostoxTestNG.ValidateAutomobileWeightage" name="validateAccBalance" time="13.143"/>
  <system-out>
    <![CDATA[waiting for1000ms
waiting for500ms
 account balance is Rs.5,00,000.00
waiting for500ms
tacking screenshot ]]>
  </system-out>
  <testcase classname="neostoxTestNG.ValidateAutomobileWeightage" name="validateweightage" time="15.002"/>
  <system-out>
    <![CDATA[waiting for1000ms
getting actual automobile weightage 6.00%
waiting for500ms
Reading excel  
waiting for500ms
tacking screenshot ]]>
  </system-out>
</testsuite> <!-- neostoxTestNG.ValidateAutomobileWeightage -->
