<?xml version="1.0" encoding="UTF-8"?>
<!-- Generated by org.testng.reporters.JUnitReportReporter -->
<testsuite hostname="LAPTOP-1M3VDV8B" failures="0" tests="1" name="testngsuite.IncludeMethods" time="11.338" errors="0" timestamp="2022-12-29T17:06:14 IST" skipped="0">
  <testcase classname="testngsuite.IncludeMethods" name="f2" time="11.338"/>
  <system-out/>
</testsuite> <!-- testngsuite.IncludeMethods -->
