<?xml version="1.0" encoding="UTF-8"?>
<!-- Generated by org.testng.reporters.JUnitReportReporter -->
<testsuite hostname="LAPTOP-1M3VDV8B" failures="0" tests="2" name="cbtesting.CbTesting1" time="42.450" errors="0" timestamp="2022-12-04T22:02:11 IST" skipped="0">
  <testcase classname="cbtesting.CbTesting1" name="chrome" time="19.281"/>
  <system-out/>
  <testcase classname="cbtesting.CbTesting1" name="chrome" time="23.169"/>
  <system-out/>
</testsuite> <!-- cbtesting.CbTesting1 -->
