<?xml version="1.0" encoding="UTF-8"?>
<!-- Generated by org.testng.reporters.JUnitReportReporter -->
<testsuite hostname="LAPTOP-1M3VDV8B" failures="0" tests="1" name="cbtesting.Chromeclass" time="95.953" errors="0" timestamp="2022-11-22T23:46:07 IST" skipped="0">
  <testcase classname="cbtesting.Chromeclass" name="chrome" time="95.953"/>
  <system-out/>
</testsuite> <!-- cbtesting.Chromeclass -->
