<?xml version="1.0" encoding="UTF-8"?>
<!-- Generated by org.testng.reporters.JUnitReportReporter -->
<testsuite hostname="LAPTOP-1M3VDV8B" failures="0" tests="1" name="neostoxTestNG.ValidatingUserid" time="11.371" errors="0" timestamp="2022-12-14T15:49:24 IST" skipped="0">
  <testcase classname="neostoxTestNG.ValidatingUserid" name="validateuserid" time="11.371"/>
  <system-out>
    <![CDATA[waiting for1000ms
waiting for500ms
getting actual userid 
actual user id is  Sachin Rathod
waiting for500ms
Reading excel  
waiting for500ms
getting actual userid 
actual user id is  Sachin Rathod
waiting for500ms
tacking screenshot ]]>
  </system-out>
</testsuite> <!-- neostoxTestNG.ValidatingUserid -->
