<?xml version="1.0" encoding="UTF-8"?>
<!-- Generated by org.testng.reporters.JUnitReportReporter -->
<testsuite hostname="LAPTOP-1M3VDV8B" failures="0" tests="1" name="verificationinTestNg.AssertEquals" time="0.021" errors="0" timestamp="2022-11-19T22:57:35 IST" skipped="0">
  <testcase classname="verificationinTestNg.AssertEquals" name="testing" time="0.021"/>
  <system-out/>
</testsuite> <!-- verificationinTestNg.AssertEquals -->
