<?xml version="1.0" encoding="UTF-8"?>
<!-- Generated by org.testng.reporters.JUnitReportReporter -->
<testsuite hostname="LAPTOP-1M3VDV8B" failures="0" tests="1" name="neostoxpom.NeostoxTestNGTestClass" time="22.148" errors="0" timestamp="2022-11-29T09:56:25 IST" skipped="0">
  <testcase classname="neostoxpom.NeostoxTestNGTestClass" name="testing" time="22.148"/>
  <system-out/>
</testsuite> <!-- neostoxpom.NeostoxTestNGTestClass -->
