<?xml version="1.0" encoding="UTF-8"?>
<!-- Generated by org.testng.reporters.JUnitReportReporter -->
<testsuite hostname="LAPTOP-1M3VDV8B" failures="0" tests="2" name="testngsuite.ExcludeMeth2" time="0.018" errors="0" timestamp="2022-12-29T16:46:18 IST" skipped="0">
  <testcase classname="testngsuite.ExcludeMeth2" name="H" time="0.002"/>
  <system-out>
    <![CDATA[H method running]]>
  </system-out>
  <testcase classname="testngsuite.ExcludeMeth2" name="F" time="0.016"/>
  <system-out>
    <![CDATA[F method running]]>
  </system-out>
</testsuite> <!-- testngsuite.ExcludeMeth2 -->
