<?xml version="1.0" encoding="UTF-8"?>
<!-- Generated by org.testng.reporters.JUnitReportReporter -->
<testsuite hostname="LAPTOP-1M3VDV8B" failures="0" tests="1" name="velocityStudy.Abc" time="0.022" errors="0" timestamp="2022-11-21T09:41:29 IST" skipped="0">
  <testcase classname="velocityStudy.Abc" name="Testfirst" time="0.022"/>
  <system-out>
    <![CDATA[A test is passsed----> using String log report
A test is passsed--->using string log reporter with boolean value]]>
  </system-out>
</testsuite> <!-- velocityStudy.Abc -->
